2025-02-12T23:14:07 | touched: LICENSE
2025-05-15T16:27:08 | touched: README.md
2025-03-11T05:45:21 | touched: src/main.rs
2025-12-09T00:35:06 | touched: README.md
2025-12-10T02:29:08 | touched: Cargo.toml
2025-01-10T20:44:52 | touched: src/lib.rs
2025-06-16T16:43:28 | touched: LICENSE
2025-02-10T22:07:44 | touched: Cargo.toml
2025-07-18T10:59:39 | touched: src/lib.rs
2025-06-12T02:58:40 | touched: LICENSE
2025-05-14T02:46:43 | touched: Cargo.toml
2025-10-24T21:38:07 | touched: LICENSE
2025-07-08T17:34:44 | touched: LICENSE
2025-07-28T10:36:48 | touched: src/main.rs
2025-05-21T03:05:57 | touched: src/lib.rs
2025-01-05T13:28:02 | touched: src/lib.rs
2025-05-18T04:41:54 | touched: README.md
2025-09-19T23:02:17 | touched: src/lib.rs
2025-12-19T21:12:41 | touched: Cargo.toml
2025-07-22T18:37:15 | touched: Cargo.toml
2025-07-04T19:13:31 | touched: Cargo.toml
2025-08-17T14:55:54 | touched: Cargo.toml
2025-07-01T17:39:03 | touched: Cargo.toml
2025-03-21T12:38:05 | touched: src/main.rs
2025-03-02T14:37:41 | touched: src/lib.rs
2025-09-12T05:48:06 | touched: LICENSE
2025-12-10T05:59:30 | touched: src/lib.rs
2025-03-12T07:20:53 | touched: LICENSE
2025-04-18T05:08:59 | touched: Cargo.toml
2025-01-06T19:40:28 | touched: README.md
2025-11-19T06:07:45 | touched: src/main.rs
2025-02-02T22:34:53 | touched: README.md
2025-09-29T05:38:52 | touched: LICENSE
2025-04-05T02:59:05 | touched: src/main.rs
2025-10-22T08:47:55 | touched: README.md
2025-11-05T18:37:57 | touched: README.md
2025-04-20T03:14:02 | touched: README.md
2025-08-27T22:53:42 | touched: src/main.rs
2025-02-16T22:01:02 | touched: Cargo.toml
2025-11-17T03:17:16 | touched: Cargo.toml
